Change Component Comment : Designator=C22 Old Comment=100nF New Comment=22pF
Change Component Comment : Designator=C24 Old Comment=100nF New Comment=22pF
Change Component Comment : Designator=C39 Old Comment=100nF New Comment=22pF
Change Component Comment : Designator=C40 Old Comment=100nF New Comment=22pF
Added Component: Designator=R19(R0603_NS)
Add component (AddParameter): Name = "BOM名称"; Value = "贴片电阻"; VariantName = "[No Variations]"
Add component (AddParameter): Name = "联系卖家，免费查找封装"; Value = "唯一出售店铺网址https://shop463601444.taobao.com"; VariantName = "[No Variations]"
Added Component: Designator=R20(R0603_NS)
Add component (AddParameter): Name = "BOM名称"; Value = "贴片电阻"; VariantName = "[No Variations]"
Add component (AddParameter): Name = "联系卖家，免费查找封装"; Value = "唯一出售店铺网址https://shop463601444.taobao.com"; VariantName = "[No Variations]"
Added Pin To Net: NetName=GND Pin=R19-1
Added Pin To Net: NetName=GND Pin=R20-1
Added Pin To Net: NetName=NetR19_2 Pin=R19-2
Added Pin To Net: NetName=NetR19_2 Pin=USBC1-B5
Added Net: Name=NetR19_2
Added Pin To Net: NetName=NetR20_2 Pin=R20-2
Added Pin To Net: NetName=NetR20_2 Pin=USBC1-A5
Added Net: Name=NetR20_2
Added Member To Class: ClassName=Debugger Member=Component R19 5.1K
Added Member To Class: ClassName=Debugger Member=Component R20 5.1K
